[2019-08-11 00:28:07] Logger: .INFO: POST /login/authenticate [[]] []
[2019-08-11 00:28:07] Logger: .INFO: 200 OK ["[{\"user_id\":\"1\",\"username\":\"miguel\",\"status\":\"1\",\"name\":\"Miguel Acosta\",\"email\":\"acostmig@gmail.com\",\"role_id\":\"1,2\",\"role_name\":\"Admin,User\"},{\"token\":\"04acc8187910cec10a575ffcc93366617411957eb6743d53ed866cab56a35ab231f9d3a1e377309e6178e638996f17ff56d2eb8e928e69c8be4971cfc4abf2e9208ce9bad2a6c46c03e83a99865897303fd534714d1c6d493a1ba8365aa9178633fe99eaf949c29564a293273c3a41331f78e8e923b79b318aee6d2bb9b22dd8\"}]"] []
[2019-08-11 00:29:05] Logger: .INFO: POST /login/authenticate [[]] []
[2019-08-11 00:29:05] Logger: .INFO: 200 OK ["[{\"user_id\":\"1\",\"username\":\"miguel\",\"status\":\"1\",\"name\":\"Miguel Acosta\",\"email\":\"acostmig@gmail.com\",\"role_id\":\"1,2\",\"role_name\":\"Admin,User\"},{\"token\":\"6b12888ccd7c6523caa94169b4a4f5cf3b2ff1e2579ddab2dbb5a192600f9d04479c2329fcd8271d9c52d8c7d127582f6072ed2f4c3a735b02b0f3849909ed6494c789eba32f909a1484229001982b1c087ed98f2dd103f3374273e5b2c812478e967eb5de7d7aa202cbfe8821beda93ff151e5f046a1e068aa934870d95209b\"}]"] []
[2019-08-11 00:33:54] Logger: .INFO: POST /login/authenticate [[]] []
[2019-08-11 00:34:33] Logger: .INFO: POST /login/authenticate [[]] []
[2019-08-11 00:36:30] Logger: .INFO: POST /login/authenticate [[]] []
[2019-08-11 00:36:30] Logger: .INFO: 200 OK ["[{\"user_id\":\"1\",\"username\":\"miguel\",\"status\":\"1\",\"name\":\"Miguel Acosta\",\"email\":\"acostmig@gmail.com\",\"role_id\":\"1,2\",\"role_name\":\"Admin,User\"},{\"token\":\"9380f613ab4813a6861f78ac79182fec1075ca04d75c761241f2cc90f533d083b62bd7e7ede74785a54206555cf7d8fa8e26f8059f752032e1c4d810074eec96b3c4f96d21b5cdb73bccd45635544500187172ae01977f29572f1e06c3337e3783b76937046e9afeda42e933cbbc7b0be927b561a38503d193de142b0adaa157\"}]"] []
[2019-08-11 00:36:34] Logger: .INFO: POST /login/authenticate [[]] []
[2019-08-11 00:36:43] Logger: .INFO: POST /login/authenticate [[]] []
[2019-08-11 00:36:43] Logger: .INFO: 200 OK ["[{\"user_id\":\"1\",\"username\":\"miguel\",\"status\":\"1\",\"name\":\"Miguel Acosta\",\"email\":\"acostmig@gmail.com\",\"role_id\":\"1,2\",\"role_name\":\"Admin,User\"},{\"token\":\"b89ea946c10ed7b7806295043faadb50543ce8cc3b504e82ba55f7b8ee14a99627a5f7904a5b3870ebeb4191802269f0db8c112533980eaf546448c4175df8841e133bdf28f2a2716b60ffc6c39125a26ca7342536b0eae814785221791f267e5741ffc15281135f27a03cbd6268a2b341c4d1fd7fbdf87ddd9d65d39fa0fcdf\"}]"] []
[2019-08-11 00:37:32] Logger: .INFO: POST /login/authenticate [[]] []
[2019-08-11 00:37:32] Logger: .INFO: 200 OK ["[{\"user_id\":\"1\",\"username\":\"miguel\",\"status\":\"1\",\"name\":\"Miguel Acosta\",\"email\":\"acostmig@gmail.com\",\"role_id\":\"1,2\",\"role_name\":\"Admin,User\"},{\"token\":\"0dcd6f0a8b61d29e6c85ff8ebcb2b601e44fce4ce3a826cc2f8d43511991b97ff17f5f13958c0f2e8f21040ee06da79967d3eb2f905a863eab05033c7467a9e4080d26796d54cec614bb212f0f072ba13368e2e5114479986ddae3543950f46612b64803e0b880b3452ed7c539ee7e2c9f72cd4c74565a9a3da268613e168203\"}]"] []
[2019-08-11 00:37:56] Logger: .INFO: POST /login/authenticate [[]] []
[2019-08-11 00:37:56] Logger: .INFO: 200 OK ["[{\"user_id\":\"1\",\"username\":\"miguel\",\"status\":\"1\",\"name\":\"Miguel Acosta\",\"email\":\"acostmig@gmail.com\",\"role_id\":\"1,2\",\"role_name\":\"Admin,User\"},{\"token\":\"06638640e54065c50a540ea0b8331e28262f470db61a12bd49be2cbf5618d684ac47dfb99497c7927ce39f54f2f83bcb019f52e2b2bd8cd5155b5bf8fb6d2ca1ae7bb127fb69e81d03f3481ab2340a11effd7f2f4cf3f46fe276e73734c527639c8adcee6dd8b45ca8b06eea9913c3b93edc49befb259352dada1914a10f8dcf\"}]"] []
[2019-08-11 00:38:09] Logger: .INFO: POST /login/authenticate [[]] []
[2019-08-11 00:38:40] Logger: .INFO: POST /login/authenticate [[]] []
[2019-08-11 00:39:49] Logger: .INFO: POST /login/authenticate [[]] []
[2019-08-11 00:40:14] Logger: .INFO: POST /login/authenticate [[]] []
[2019-08-11 00:40:28] Logger: .INFO: POST /login/authenticate [[]] []
[2019-08-11 00:41:02] Logger: .INFO: POST /login/authenticate [[]] []
[2019-08-11 00:41:30] Logger: .INFO: POST /login/authenticate [[]] []
[2019-08-11 00:43:15] Logger: .INFO: POST /login/authenticate [[]] []
[2019-08-11 00:43:25] Logger: .INFO: POST /login/authenticate [[]] []
[2019-08-11 00:44:01] Logger: .INFO: POST /login/authenticate [[]] []
[2019-08-11 00:44:48] Logger: .INFO: POST /login/authenticate [[]] []
[2019-08-11 00:44:59] Logger: .INFO: POST /login/authenticate [[]] []
[2019-08-11 00:45:23] Logger: .INFO: POST /login/authenticate [[]] []
[2019-08-11 00:45:36] Logger: .INFO: POST /login/authenticate [[]] []
[2019-08-11 00:45:49] Logger: .INFO: POST /login/authenticate [[]] []
[2019-08-11 00:46:19] Logger: .INFO: POST /login/authenticate [[]] []
[2019-08-11 00:47:22] Logger: .INFO: POST /login/authenticate [[]] []
[2019-08-11 00:47:22] Logger: .INFO: 401 Unauthorized ["\"Username or Password are incorrect\""] []
[2019-08-11 00:47:29] Logger: .INFO: POST /login/authenticate [[]] []
[2019-08-11 00:47:29] Logger: .INFO: 401 Unauthorized ["\"Username or Password are incorrect\""] []
[2019-08-11 00:47:36] Logger: .INFO: POST /login/authenticate [[]] []
[2019-08-11 00:47:36] Logger: .INFO: 401 Unauthorized ["\"Username or Password are incorrect\""] []
[2019-08-11 00:47:52] Logger: .INFO: POST /login/authenticate [[]] []
[2019-08-11 00:47:52] Logger: .INFO: 401 Unauthorized ["\"Due to too many login attempts, you account has been locked. Please Contact an administrator\""] []
[2019-08-11 00:48:25] Logger: .INFO: POST /login/authenticate [[]] []
[2019-08-11 00:48:25] Logger: .INFO: 401 Unauthorized ["\"Due to too many login attempts, you account has been locked. Please Contact an administrator\""] []
[2019-08-11 00:48:50] Logger: .INFO: POST /login/authenticate [[]] []
[2019-08-11 00:48:50] Logger: .INFO: 401 Unauthorized ["\"Due to too many login attempts, you account has been locked. Please Contact an administrator\""] []
[2019-08-11 00:49:50] Logger: .INFO: POST /login/authenticate [[]] []
[2019-08-11 00:49:51] Logger: .INFO: 401 Unauthorized ["\"Due to too many login attempts, you account has been locked. Please Contact an administrator\""] []
[2019-08-11 00:50:15] Logger: .INFO: POST /login/authenticate [[]] []
[2019-08-11 00:50:15] Logger: .INFO: 401 Unauthorized ["\"Due to too many login attempts, you account has been locked. Please Contact an administrator\""] []
[2019-08-11 00:50:36] Logger: .INFO: POST /login/authenticate [[]] []
[2019-08-11 00:50:36] Logger: .INFO: 200 OK ["{\"user_id\":\"1\",\"username\":\"miguel\",\"status\":\"1\",\"name\":\"Miguel Acosta\",\"email\":\"acostmig@gmail.com\",\"role_id\":\"1,2\",\"role_name\":\"Admin,User\",\"0\":{\"token\":\"75bc7f907551764810b6a8cc79ee6634750974bc715c5eefe5ae368db923b93a42c458f7a20c4c71d2b8fa1771fe83216c312f37346cb4cafe90122c7ec10084d8edb39f0f7f4f8933a08dfec9471f976392a3973febd2edb5addb51836bca8cb57ba56f9b6d677d8032f19d0b83bd082493a0367a75b31f542f66b90d6dc040\"}}"] []
[2019-08-11 00:50:41] Logger: .INFO: POST /login/authenticate [[]] []
[2019-08-11 00:50:42] Logger: .INFO: POST /login/authenticate [[]] []
[2019-08-11 00:51:19] Logger: .INFO: POST /login/authenticate [[]] []
[2019-08-11 00:51:47] Logger: .INFO: POST /login/authenticate [[]] []
[2019-08-11 00:51:47] Logger: .INFO: 200 OK ["{\"user_id\":\"1\",\"username\":\"miguel\",\"status\":\"1\",\"name\":\"Miguel Acosta\",\"email\":\"acostmig@gmail.com\",\"role_id\":\"1,2\",\"role_name\":\"Admin,User\",\"0\":{\"token\":\"9f43f1c8c2fac22956aed47cb29effb4af4ec2835e0e76821003c8203e7fd39fe5f5e4ea147890d11168b1a4d88bcecfdc058626edec190d564508e3cc9a6b5daa9178b7adb6e66aceab276de1b83ea296f96e7634269fc5a5bc1cc0d42f3a29ca2f10a50c1181b92e9bda827c68582954d10cf522e7b141d9dde3f44aa20d2c\"}}"] []
[2019-08-11 00:52:34] Logger: .INFO: POST /login/authenticate [[]] []
[2019-08-11 00:52:35] Logger: .INFO: 200 OK ["{\"user_id\":\"1\",\"username\":\"miguel\",\"status\":\"1\",\"name\":\"Miguel Acosta\",\"email\":\"acostmig@gmail.com\",\"role_id\":\"1,2\",\"role_name\":\"Admin,User\",\"0\":{\"token\":\"039be1bfa86361c1480cb5ccbd20aa751eece042e9a90fd4ba9f4860279b26b168128b46130307a1e1edbaf97bdd686df68f3f9e8426b9643987b5ea52bf621d9b276e93135f8e9701243d830a0de3d5f630736d4465e59b4e274761b09d0d99a922d3e27c0de6e9a6198f3573ca848ff98186a8c9ca4dbba3db15c0fe058f33\"}}"] []
[2019-08-11 00:52:40] Logger: .INFO: POST /login/authenticate [[]] []
[2019-08-11 00:52:40] Logger: .INFO: 401 Unauthorized ["\"Username or Password are incorrect\""] []
[2019-08-11 00:52:48] Logger: .INFO: POST /login/authenticate [[]] []
[2019-08-11 00:52:49] Logger: .INFO: 401 Unauthorized ["\"Username or Password are incorrect\""] []
[2019-08-11 00:52:49] Logger: .INFO: POST /login/authenticate [[]] []
[2019-08-11 00:52:49] Logger: .INFO: 401 Unauthorized ["\"Username or Password are incorrect\""] []
[2019-08-11 00:53:24] Logger: .INFO: POST /login/authenticate [[]] []
[2019-08-11 00:53:24] Logger: .INFO: 401 Unauthorized ["\"Due to too many login attempts, you account has been locked. Please Contact an administrator\""] []
[2019-08-11 00:53:38] Logger: .INFO: POST /login/authenticate [[]] []
[2019-08-11 00:53:38] Logger: .INFO: 200 OK ["{\"user_id\":\"1\",\"username\":\"miguel\",\"status\":\"1\",\"name\":\"Miguel Acosta\",\"email\":\"acostmig@gmail.com\",\"role_id\":\"1,2\",\"role_name\":\"Admin,User\",\"0\":{\"token\":\"586fea26f0a93d0fab60b0c9b55f71876e84b9ce53a7a4ddb7e60b4176ccba550026ce02c5e2b1ff2b9e3f3b9dd034e6a79ad68e1453066cbe181bc3c04cfb0d0fdae144e18543ea692698411dc1957fc6ba0d7c6e2e8b1991f103d2e0fefedc1e4b167a8b8adc4ec1036b34f117b1fc35cbcdbd7472af98fc0a69a2f67ba39d\"}}"] []
[2019-08-11 00:53:38] Logger: .INFO: POST /login/authenticate [[]] []
[2019-08-11 00:53:39] Logger: .INFO: 200 OK ["{\"user_id\":\"1\",\"username\":\"miguel\",\"status\":\"1\",\"name\":\"Miguel Acosta\",\"email\":\"acostmig@gmail.com\",\"role_id\":\"1,2\",\"role_name\":\"Admin,User\",\"0\":{\"token\":\"f90fede7182f67da14d3053843727e90b138d47ba3f24c0a638ecdd1a987022c09a9752a09c7dd7312f1afd3b3940fd84178de6d75081f59978fe4bfc3fc99879216a06cd85d5518ae4a5d2849da11fbc2704b975559e629846089f6d0a45d2bb5526a04e961b1baa9fe8da8411f3cb35cd9bbb37507011ced6ddfbefa03f4bd\"}}"] []
[2019-08-11 00:53:41] Logger: .INFO: POST /login/authenticate [[]] []
[2019-08-11 00:53:41] Logger: .INFO: 401 Unauthorized ["\"Username or Password are incorrect\""] []
[2019-08-11 00:53:42] Logger: .INFO: POST /login/authenticate [[]] []
[2019-08-11 00:53:42] Logger: .INFO: 401 Unauthorized ["\"Username or Password are incorrect\""] []
[2019-08-11 00:53:43] Logger: .INFO: POST /login/authenticate [[]] []
[2019-08-11 00:53:43] Logger: .INFO: 401 Unauthorized ["\"Username or Password are incorrect\""] []
[2019-08-11 00:53:44] Logger: .INFO: POST /login/authenticate [[]] []
[2019-08-11 00:53:44] Logger: .INFO: 401 Unauthorized ["\"Due to too many login attempts, you account has been locked. Please Contact an administrator\""] []
[2019-08-11 00:58:00] Logger: .INFO: POST /login/authenticate [[]] []
[2019-08-11 00:58:40] Logger: .INFO: POST /login/authenticate [[]] []
[2019-08-11 00:58:40] Logger: .INFO: 401 Unauthorized ["\"Due to too many login attempts, you account has been locked. Please Contact an administrator\""] []
[2019-08-11 01:00:29] Logger: .INFO: POST /login/authenticate [[]] []
[2019-08-11 01:00:29] Logger: .INFO: 401 Unauthorized ["\"Due to too many login attempts, you account has been locked. Please Contact an administrator\""] []
[2019-08-11 01:00:53] Logger: .INFO: POST /login/authenticate [[]] []
[2019-08-11 01:00:53] Logger: .INFO: 401 Unauthorized ["\"Due to too many login attempts, you account has been locked. Please Contact an administrator\""] []
[2019-08-11 01:01:11] Logger: .INFO: POST /login/authenticate [[]] []
[2019-08-11 01:01:11] Logger: .INFO: 401 Unauthorized ["\"Due to too many login attempts, you account has been locked. Please Contact an administrator\""] []
[2019-08-11 01:02:25] Logger: .INFO: POST /login/authenticate [[]] []
[2019-08-11 01:02:25] Logger: .INFO: 401 Unauthorized ["\"Due to too many login attempts, you account has been locked. Please Contact an administrator\""] []
[2019-08-11 01:06:59] Logger: .INFO: POST /login/authenticate [[]] []
[2019-08-11 01:06:59] Logger: .INFO: 401 Unauthorized ["\"Due to too many login attempts, you account has been locked. Please Contact an administrator\""] []
[2019-08-11 01:07:20] Logger: .INFO: POST /login/authenticate [[]] []
[2019-08-11 01:07:20] Logger: .INFO: 401 Unauthorized ["\"Due to too many login attempts, you account has been locked. Please Contact an administrator\""] []
[2019-08-11 01:08:27] Logger: .INFO: POST /login/authenticate [[]] []
[2019-08-11 01:08:27] Logger: .INFO: 401 Unauthorized ["\"Due to too many login attempts, you account has been locked. Please Contact an administrator\""] []
[2019-08-11 01:08:47] Logger: .INFO: POST /login/authenticate [[]] []
[2019-08-11 01:08:47] Logger: .INFO: 401 Unauthorized ["\"Due to too many login attempts, you account has been locked. Please Contact an administrator\""] []
[2019-08-11 01:09:10] Logger: .INFO: POST /login/authenticate [[]] []
[2019-08-11 01:09:10] Logger: .INFO: 401 Unauthorized ["\"Due to too many login attempts, you account has been locked. Please Contact an administrator\""] []
[2019-08-11 01:11:44] Logger: .INFO: POST /login/authenticate [[]] []
[2019-08-11 01:11:44] Logger: .INFO: 401 Unauthorized ["\"Due to too many login attempts, you account has been locked. Please Contact an administrator\""] []
[2019-08-11 01:12:10] Logger: .INFO: POST /login/authenticate [[]] []
[2019-08-11 01:12:10] Logger: .INFO: 401 Unauthorized ["\"Due to too many login attempts, you account has been locked. Please Contact an administrator\""] []
[2019-08-11 01:12:19] Logger: .INFO: POST /login/authenticate [[]] []
[2019-08-11 01:12:19] Logger: .INFO: 401 Unauthorized ["\"Due to too many login attempts, you account has been locked. Please Contact an administrator\""] []
[2019-08-11 01:13:23] Logger: .INFO: POST /login/authenticate [[]] []
[2019-08-11 01:13:23] Logger: .INFO: 401 Unauthorized ["\"Due to too many login attempts, you account has been locked. Please Contact an administrator\""] []
[2019-08-11 01:14:44] Logger: .INFO: POST /login/authenticate [[]] []
[2019-08-11 01:14:45] Logger: .INFO: 401 Unauthorized ["\"Due to too many login attempts, you account has been locked. Please Contact an administrator\""] []
[2019-08-11 01:15:11] Logger: .INFO: POST /login/authenticate [[]] []
[2019-08-11 01:15:11] Logger: .INFO: 401 Unauthorized ["\"Due to too many login attempts, you account has been locked. Please Contact an administrator\""] []
[2019-08-11 01:16:21] Logger: .INFO: GET /menu/item [[]] []
[2019-08-11 01:16:21] Logger: .INFO: 200 OK ["[{\"id\":\"1\",\"title\":\"Shrimp and Chorizo Paella\",\"types\":\"Entree\",\"imagesrc\":\"\\/Images\\/MenuItems\\/paella.jpg\",\"image_title\":\"paella\",\"ingredients_ids\":\"1,3,4,5,6,7,8\",\"ingredients_names\":\"chicken,green beans,lima bean,pork,rice,saffron,sliced Spanish red sausage\",\"price\":\"18\",\"currency\":\"USD\"}]"] []
[2019-08-11 01:16:45] Logger: .INFO: GET /menu/item [[]] []
[2019-08-11 01:16:45] Logger: .INFO: 200 OK ["[{\"id\":\"1\",\"title\":\"Shrimp and Chorizo Paella\",\"types\":\"Entree\",\"imagesrc\":\"\\/Images\\/MenuItems\\/paella.jpg\",\"image_title\":\"paella\",\"ingredients_ids\":\"1,3,4,5,6,7,8\",\"ingredients_names\":\"chicken,green beans,lima bean,pork,rice,saffron,sliced Spanish red sausage\",\"price\":\"18\",\"currency\":\"USD\"}]"] []
[2019-08-11 01:16:51] Logger: .INFO: GET /menu/item [[]] []
[2019-08-11 01:16:51] Logger: .INFO: 200 OK ["[{\"id\":\"1\",\"title\":\"Shrimp and Chorizo Paella\",\"types\":\"Entree\",\"imagesrc\":\"\\/Images\\/MenuItems\\/paella.jpg\",\"image_title\":\"paella\",\"ingredients_ids\":\"1,3,4,5,6,7,8\",\"ingredients_names\":\"chicken,green beans,lima bean,pork,rice,saffron,sliced Spanish red sausage\",\"price\":\"18\",\"currency\":\"USD\"}]"] []
[2019-08-11 01:16:55] Logger: .INFO: GET /menu/item [[]] []
[2019-08-11 01:16:55] Logger: .INFO: 200 OK ["[{\"id\":\"1\",\"title\":\"Shrimp and Chorizo Paella\",\"types\":\"Entree\",\"imagesrc\":\"\\/Images\\/MenuItems\\/paella.jpg\",\"image_title\":\"paella\",\"ingredients_ids\":\"1,3,4,5,6,7,8\",\"ingredients_names\":\"chicken,green beans,lima bean,pork,rice,saffron,sliced Spanish red sausage\",\"price\":\"18\",\"currency\":\"USD\"}]"] []
[2019-08-11 01:16:56] Logger: .INFO: GET /menu/item [[]] []
[2019-08-11 01:16:56] Logger: .INFO: 200 OK ["[{\"id\":\"1\",\"title\":\"Shrimp and Chorizo Paella\",\"types\":\"Entree\",\"imagesrc\":\"\\/Images\\/MenuItems\\/paella.jpg\",\"image_title\":\"paella\",\"ingredients_ids\":\"1,3,4,5,6,7,8\",\"ingredients_names\":\"chicken,green beans,lima bean,pork,rice,saffron,sliced Spanish red sausage\",\"price\":\"18\",\"currency\":\"USD\"}]"] []
[2019-08-11 01:23:43] Logger: .INFO: GET /menu/item [[]] []
[2019-08-11 01:23:43] Logger: .INFO: 200 OK ["[{\"id\":\"1\",\"title\":\"Shrimp and Chorizo Paella\",\"types\":\"Entree\",\"imagesrc\":\"\\/Images\\/MenuItems\\/paella.jpg\",\"image_title\":\"paella\",\"ingredients_ids\":\"1,3,4,5,6,7,8\",\"ingredients_names\":\"chicken,green beans,lima bean,pork,rice,saffron,sliced Spanish red sausage\",\"price\":\"18\",\"currency\":\"USD\"}]"] []
[2019-08-11 01:23:49] Logger: .INFO: GET /menu/item [[]] []
[2019-08-11 01:23:49] Logger: .INFO: 200 OK ["[{\"id\":\"1\",\"title\":\"Shrimp and Chorizo Paella\",\"types\":\"Entree\",\"imagesrc\":\"\\/Images\\/MenuItems\\/paella.jpg\",\"image_title\":\"paella\",\"ingredients_ids\":\"1,3,4,5,6,7,8\",\"ingredients_names\":\"chicken,green beans,lima bean,pork,rice,saffron,sliced Spanish red sausage\",\"price\":\"18\",\"currency\":\"USD\"}]"] []
[2019-08-11 01:26:38] Logger: .INFO: GET /menu/item [[]] []
[2019-08-11 01:26:38] Logger: .INFO: 200 OK ["[{\"id\":\"1\",\"title\":\"Shrimp and Chorizo Paella\",\"types\":\"Entree\",\"imagesrc\":\"\\/Images\\/MenuItems\\/paella.jpg\",\"image_title\":\"paella\",\"ingredients_ids\":\"1,3,4,5,6,7,8\",\"ingredients_names\":\"chicken,green beans,lima bean,pork,rice,saffron,sliced Spanish red sausage\",\"price\":\"18\",\"currency\":\"USD\"}]"] []
[2019-08-11 01:26:46] Logger: .INFO: POST /login/authenticate [[]] []
[2019-08-11 01:26:46] Logger: .INFO: 401 Unauthorized ["\"Due to too many login attempts, you account has been locked. Please Contact an administrator\""] []
[2019-08-11 01:27:13] Logger: .INFO: POST /login/authenticate [[]] []
[2019-08-11 01:27:13] Logger: .INFO: 401 Unauthorized ["\"Due to too many login attempts, you account has been locked. Please Contact an administrator\""] []
[2019-08-11 01:27:27] Logger: .INFO: POST /login/authenticate [[]] []
[2019-08-11 01:27:27] Logger: .INFO: 401 Unauthorized ["\"Due to too many login attempts, you account has been locked. Please Contact an administrator\""] []
[2019-08-11 01:27:37] Logger: .INFO: POST /login/authenticate [[]] []
[2019-08-11 01:27:37] Logger: .INFO: 401 Unauthorized ["\"Due to too many login attempts, you account has been locked. Please Contact an administrator\""] []
[2019-08-11 01:27:54] Logger: .INFO: POST /login/authenticate [[]] []
[2019-08-11 01:27:54] Logger: .INFO: 401 Unauthorized ["\"Due to too many login attempts, you account has been locked. Please Contact an administrator\""] []
[2019-08-11 01:28:17] Logger: .INFO: POST /login/authenticate [[]] []
[2019-08-11 01:28:17] Logger: .INFO: 401 Unauthorized ["\"Due to too many login attempts, you account has been locked. Please Contact an administrator\""] []
[2019-08-11 01:29:18] Logger: .INFO: POST /login/authenticate [[]] []
[2019-08-11 01:29:56] Logger: .INFO: POST /login/authenticate [[]] []
[2019-08-11 01:30:14] Logger: .INFO: POST /login/authenticate [[]] []
[2019-08-11 01:30:20] Logger: .INFO: GET /menu/item [[]] []
[2019-08-11 01:30:24] Logger: .INFO: GET /menu/item [[]] []
[2019-08-11 01:30:42] Logger: .INFO: GET /menu/item [[]] []
[2019-08-11 01:31:19] Logger: .INFO: GET /menu/item [[]] []
[2019-08-11 01:32:25] Logger: .INFO: GET /menu/item [[]] []
[2019-08-11 01:32:58] Logger: .INFO: GET /menu/item [[]] []
[2019-08-11 01:33:16] Logger: .INFO: GET /menu/item [[]] []
[2019-08-11 01:33:39] Logger: .INFO: GET /menu/item [[]] []
[2019-08-11 01:33:52] Logger: .INFO: GET /menu/item [[]] []
[2019-08-11 01:34:01] Logger: .INFO: GET /menu/item [[]] []
[2019-08-11 03:35:30] Logger: .INFO: POST /login/authenticate [[]] []
[2019-08-11 03:38:45] Logger: .INFO: POST /login/authenticate [[]] []
[2019-08-11 03:39:24] Logger: .INFO: POST /login/authenticate [[]] []
[2019-08-11 03:40:16] Logger: .INFO: POST /login/authenticate [[]] []
[2019-08-11 03:40:50] Logger: .INFO: POST /login/authenticate [[]] []
[2019-08-11 03:41:23] Logger: .INFO: POST /login/authenticate [[]] []
[2019-08-11 03:41:27] Logger: .INFO: POST /login/authenticate [[]] []
[2019-08-11 03:41:31] Logger: .INFO: POST /login/authenticate [[]] []
[2019-08-11 03:41:36] Logger: .INFO: POST /login/authenticate [[]] []
[2019-08-11 03:42:10] Logger: .INFO: POST /login/authenticate [[]] []
[2019-08-11 04:46:37] Logger: .INFO: POST /login/authenticate [[]] []
[2019-08-11 04:50:40] Logger: .INFO: POST /login/authenticate [[]] []
[2019-08-11 04:53:41] Logger: .INFO: POST /login/authenticate [[]] []
[2019-08-11 04:53:56] Logger: .INFO: POST /login/authenticate [[]] []
[2019-08-11 04:54:58] Logger: .INFO: POST /login/authenticate [[]] []
[2019-08-11 04:56:02] Logger: .INFO: POST /login/authenticate [[]] []
[2019-08-11 04:56:21] Logger: .INFO: POST /login/authenticate [[]] []
[2019-08-11 04:56:55] Logger: .INFO: POST /login/authenticate [[]] []
[2019-08-11 04:57:01] Logger: .INFO: POST /login/authenticate [[]] []
[2019-08-11 04:57:04] Logger: .INFO: POST /login/authenticate [[]] []
[2019-08-11 04:57:07] Logger: .INFO: POST /login/authenticate [[]] []
[2019-08-11 04:57:13] Logger: .INFO: POST /login/authenticate [[]] []
[2019-08-11 04:57:27] Logger: .INFO: POST /login/authenticate [[]] []
[2019-08-11 04:57:30] Logger: .INFO: POST /login/authenticate [[]] []
[2019-08-11 05:00:25] Logger: .INFO: POST /login/authenticate [[]] []
[2019-08-11 05:00:37] Logger: .INFO: POST /login/authenticate [[]] []
[2019-08-11 05:00:39] Logger: .INFO: POST /login/authenticate [[]] []
[2019-08-11 05:00:40] Logger: .INFO: POST /login/authenticate [[]] []
[2019-08-11 05:00:41] Logger: .INFO: POST /login/authenticate [[]] []
[2019-08-11 05:01:45] Logger: .INFO: POST /login/authenticate [[]] []
[2019-08-11 05:02:30] Logger: .INFO: POST /login/authenticate [[]] []
[2019-08-11 05:02:38] Logger: .INFO: POST /login/authenticate [[]] []
[2019-08-11 05:02:40] Logger: .INFO: POST /login/authenticate [[]] []
[2019-08-11 05:02:42] Logger: .INFO: POST /login/authenticate [[]] []
[2019-08-11 05:02:43] Logger: .INFO: POST /login/authenticate [[]] []
[2019-08-11 05:04:35] Logger: .INFO: POST /login/authenticate [[]] []
[2019-08-11 05:04:38] Logger: .INFO: POST /login/authenticate [[]] []
[2019-08-11 05:04:40] Logger: .INFO: POST /login/authenticate [[]] []
[2019-08-11 05:04:41] Logger: .INFO: POST /login/authenticate [[]] []
[2019-08-11 05:04:42] Logger: .INFO: POST /login/authenticate [[]] []
[2019-08-11 05:04:43] Logger: .INFO: POST /login/authenticate [[]] []
[2019-08-11 05:04:44] Logger: .INFO: POST /login/authenticate [[]] []
[2019-08-11 05:04:45] Logger: .INFO: POST /login/authenticate [[]] []
[2019-08-11 05:04:46] Logger: .INFO: POST /login/authenticate [[]] []
[2019-08-11 05:04:47] Logger: .INFO: POST /login/authenticate [[]] []
[2019-08-11 15:29:44] Logger: .INFO: POST /login/authenticate [[]] []
[2019-08-11 15:30:34] Logger: .INFO: POST /login/authenticate [[]] []
[2019-08-11 15:30:55] Logger: .INFO: POST /login/authenticate [[]] []
[2019-08-11 15:31:00] Logger: .INFO: POST /login/authenticate [[]] []
[2019-08-11 15:31:05] Logger: .INFO: POST /login/authenticate [[]] []
[2019-08-11 15:31:51] Logger: .INFO: POST /login/authenticate [[]] []
[2019-08-11 15:32:15] Logger: .INFO: POST /login/authenticate [[]] []
[2019-08-11 15:32:30] Logger: .INFO: POST /login/authenticate [[]] []
[2019-08-11 15:32:34] Logger: .INFO: POST /login/authenticate [[]] []
[2019-08-11 15:32:36] Logger: .INFO: POST /login/authenticate [[]] []
[2019-08-11 15:32:37] Logger: .INFO: POST /login/authenticate [[]] []
[2019-08-11 15:32:38] Logger: .INFO: POST /login/authenticate [[]] []
[2019-08-11 15:32:39] Logger: .INFO: POST /login/authenticate [[]] []
[2019-08-11 15:32:40] Logger: .INFO: POST /login/authenticate [[]] []
[2019-08-11 15:32:41] Logger: .INFO: POST /login/authenticate [[]] []
[2019-08-11 15:32:42] Logger: .INFO: POST /login/authenticate [[]] []
[2019-08-11 15:32:44] Logger: .INFO: POST /login/authenticate [[]] []
[2019-08-11 15:32:44] Logger: .INFO: POST /login/authenticate [[]] []
[2019-08-11 15:33:32] Logger: .INFO: POST /login/authenticate [[]] []
[2019-08-11 15:34:22] Logger: .INFO: POST /login/authenticate [[]] []
[2019-08-11 15:36:54] Logger: .INFO: POST /login/authenticate [[]] []
[2019-08-11 15:37:43] Logger: .INFO: POST /login/authenticate [[]] []
[2019-08-11 15:38:15] Logger: .INFO: POST /login/authenticate [[]] []
[2019-08-11 15:40:49] Logger: .INFO: POST /login/authenticate [[]] []
[2019-08-11 15:41:52] Logger: .INFO: POST /login/authenticate [[]] []
[2019-08-11 15:43:15] Logger: .INFO: POST /login/authenticate [[]] []
[2019-08-11 15:44:52] Logger: .INFO: POST /login/authenticate [[]] []
[2019-08-11 15:45:33] Logger: .INFO: POST /login/authenticate [[]] []
[2019-08-11 15:46:23] Logger: .INFO: POST /login/authenticate [[]] []
[2019-08-11 15:46:36] Logger: .INFO: POST /login/authenticate [[]] []
[2019-08-11 15:47:30] Logger: .INFO: POST /login/authenticate [[]] []
[2019-08-11 15:47:48] Logger: .INFO: POST /login/authenticate [[]] []
[2019-08-11 15:48:02] Logger: .INFO: POST /login/authenticate [[]] []
[2019-08-11 15:48:15] Logger: .INFO: POST /login/authenticate [[]] []
[2019-08-11 15:48:24] Logger: .INFO: POST /login/authenticate [[]] []
