[2019-08-10 22:02:17] Logger: .INFO: POST /user/authenticate [[]] []
[2019-08-10 22:02:17] Logger: .INFO: 200 OK ["[{\"user_id\":\"1\",\"username\":\"miguel\",\"status\":\"1\",\"name\":\"Miguel Acosta\",\"email\":\"acostmig@gmail.com\",\"role_id\":\"1,2\",\"role_name\":\"Admin,User\"},{\"token\":\"a3f17621b7eb52a2bd2da5408c825423ee7a92bb1265f632ded02de2a7981c3e26bd3aafa2e5eb021af94eeee9e68ab7c83319d183c120eb4efeaf90fb2a3211e9009b585ef1a345ba7e8963ce7395e6a0da0b11787453a2d11e8d9e195a6788909de74191afc2a393cf4e0cb82134158b6c7ae2fbdb0cdf7a805e791fe0a854\"}]"] []
[2019-08-10 22:02:40] Logger: .INFO: GET /menu/item [[]] []
[2019-08-10 22:02:40] Logger: .INFO: 200 OK ["[{\"id\":\"1\",\"title\":\"Shrimp and Chorizo Paella\",\"types\":\"Entree\",\"imagesrc\":\"\\/Images\\/MenuItems\\/paella.jpg\",\"image_title\":\"paella\",\"ingredients_ids\":\"1,3,4,5,6,7,8\",\"ingredients_names\":\"chicken,green beans,lima bean,pork,rice,saffron,sliced Spanish red sausage\",\"price\":\"18\",\"currency\":\"USD\"}]"] []
[2019-08-10 22:03:31] Logger: .INFO: GET /menu/item [[]] []
[2019-08-10 22:03:31] Logger: .INFO: 200 OK ["[{\"id\":\"1\",\"title\":\"Shrimp and Chorizo Paella\",\"types\":\"Entree\",\"imagesrc\":\"\\/Images\\/MenuItems\\/paella.jpg\",\"image_title\":\"paella\",\"ingredients_ids\":\"1,3,4,5,6,7,8\",\"ingredients_names\":\"chicken,green beans,lima bean,pork,rice,saffron,sliced Spanish red sausage\",\"price\":\"18\",\"currency\":\"USD\"}]"] []
[2019-08-10 23:06:59] Logger: .INFO: POST /user/authenticate [[]] []
[2019-08-10 23:08:31] Logger: .INFO: POST /user/authenticate [[]] []
[2019-08-10 23:10:41] Logger: .INFO: POST /user/authenticate [[]] []
[2019-08-10 23:11:10] Logger: .INFO: POST /user/authenticate [[]] []
[2019-08-10 23:11:24] Logger: .INFO: POST /user/authenticate [[]] []
[2019-08-10 23:11:40] Logger: .INFO: POST /user/authenticate [[]] []
[2019-08-10 23:12:13] Logger: .INFO: POST /user/authenticate [[]] []
[2019-08-10 23:14:12] Logger: .INFO: POST /user/authenticate [[]] []
[2019-08-10 23:16:33] Logger: .INFO: POST /user/authenticate [[]] []
[2019-08-10 23:16:51] Logger: .INFO: POST /user/authenticate [[]] []
[2019-08-10 23:17:10] Logger: .INFO: POST /user/authenticate [[]] []
[2019-08-10 23:18:01] Logger: .INFO: POST /user/authenticate [[]] []
[2019-08-10 23:19:44] Logger: .INFO: POST /user/authenticate [[]] []
[2019-08-10 23:20:41] Logger: .INFO: POST /user/authenticate [[]] []
[2019-08-10 23:21:30] Logger: .INFO: POST /user/authenticate [[]] []
[2019-08-10 23:21:45] Logger: .INFO: POST /user/authenticate [[]] []
[2019-08-10 23:23:05] Logger: .INFO: POST /user/authenticate [[]] []
[2019-08-10 23:23:20] Logger: .INFO: POST /user/authenticate [[]] []
[2019-08-10 23:23:31] Logger: .INFO: POST /user/authenticate [[]] []
[2019-08-10 23:24:00] Logger: .INFO: POST /user/authenticate [[]] []
[2019-08-10 23:24:15] Logger: .INFO: POST /user/authenticate [[]] []
[2019-08-10 23:28:50] Logger: .INFO: POST /user/authenticate [[]] []
[2019-08-10 23:30:10] Logger: .INFO: POST /user/authenticate [[]] []
[2019-08-10 23:33:10] Logger: .INFO: POST /user/authenticate [[]] []
[2019-08-10 23:34:02] Logger: .INFO: POST /user/authenticate [[]] []
[2019-08-10 23:35:10] Logger: .INFO: POST /user/authenticate [[]] []
[2019-08-10 23:35:10] Logger: .INFO: 200 OK ["[{\"user_id\":\"1\",\"username\":\"miguel\",\"status\":\"1\",\"name\":\"Miguel Acosta\",\"email\":\"acostmig@gmail.com\",\"role_id\":\"1,2\",\"role_name\":\"Admin,User\"},{\"token\":\"d8a461cac067adf541f0a5c6d98b9ef7bba583927d695433157d49e2b7d5bad39dc97edc8fb40add892c928a0ff6d2aa872d52fccf3c89dca59cb0f4174225c197ab09407c9e395d332b442543452fac60ec75a5a3afca91763ce7cfb212af78a4f2ad9d385b7b5ec21bfda24514deb27cf85ca53ef1f65ba9cd32735bed8d18\"}]"] []
[2019-08-10 23:37:44] Logger: .INFO: POST /user/authenticate [[]] []
[2019-08-10 23:37:44] Logger: .INFO: 200 OK ["[{\"user_id\":\"1\",\"username\":\"miguel\",\"status\":\"1\",\"name\":\"Miguel Acosta\",\"email\":\"acostmig@gmail.com\",\"role_id\":\"1,2\",\"role_name\":\"Admin,User\"},{\"token\":\"b3e0798d32a403e798f482171c1dbabdf894f82c487b9af7281ccb5047437fa0e7f3ad82b1f6af1cf71227fca9072c1be603ae35d6de0327ad374d23c04775e635be655ffb85db0ccca5d387f9efbf82646f2dcc3ff083f3facb09efc799f7b2d82a74cdd2ffcd2e730c57ecd4541a061d05694e2878416ea59b8d78e872db95\"}]"] []
[2019-08-10 23:37:50] Logger: .INFO: GET /user/renewsession [[]] []
[2019-08-10 23:37:50] Logger: .INFO: 200 OK [""] []
[2019-08-10 23:38:10] Logger: .INFO: GET /user/renewsession [[]] []
[2019-08-10 23:38:10] Logger: .INFO: 400 Bad Request ["\"Wrong Request header\""] []
[2019-08-10 23:38:13] Logger: .INFO: GET /user/renewsession [[]] []
[2019-08-10 23:38:13] Logger: .INFO: 200 OK [""] []
[2019-08-10 23:39:41] Logger: .INFO: GET /menu/item [[]] []
[2019-08-10 23:39:41] Logger: .INFO: 200 OK ["[{\"id\":\"1\",\"title\":\"Shrimp and Chorizo Paella\",\"types\":\"Entree\",\"imagesrc\":\"\\/Images\\/MenuItems\\/paella.jpg\",\"image_title\":\"paella\",\"ingredients_ids\":\"1,3,4,5,6,7,8\",\"ingredients_names\":\"chicken,green beans,lima bean,pork,rice,saffron,sliced Spanish red sausage\",\"price\":\"18\",\"currency\":\"USD\"}]"] []
[2019-08-10 23:48:15] Logger: .INFO: GET /menu/item [[]] []
[2019-08-10 23:48:15] Logger: .INFO: 200 OK ["[{\"id\":\"1\",\"title\":\"Shrimp and Chorizo Paella\",\"types\":\"Entree\",\"imagesrc\":\"\\/Images\\/MenuItems\\/paella.jpg\",\"image_title\":\"paella\",\"ingredients_ids\":\"1,3,4,5,6,7,8\",\"ingredients_names\":\"chicken,green beans,lima bean,pork,rice,saffron,sliced Spanish red sausage\",\"price\":\"18\",\"currency\":\"USD\"}]"] []
[2019-08-10 23:49:36] Logger: .INFO: GET /login/renewsession [[]] []
[2019-08-10 23:49:36] Logger: .INFO: 200 OK [""] []
[2019-08-10 23:57:11] Logger: .INFO: GET /login/renewsession [[]] []
[2019-08-10 23:57:11] Logger: .INFO: 200 OK [""] []
[2019-08-10 23:57:26] Logger: .INFO: GET /login/renewsession [[]] []
[2019-08-10 23:57:26] Logger: .INFO: 200 OK [""] []
[2019-08-10 23:57:38] Logger: .INFO: GET /menu/item [[]] []
[2019-08-10 23:57:38] Logger: .INFO: 200 OK ["[{\"id\":\"1\",\"title\":\"Shrimp and Chorizo Paella\",\"types\":\"Entree\",\"imagesrc\":\"\\/Images\\/MenuItems\\/paella.jpg\",\"image_title\":\"paella\",\"ingredients_ids\":\"1,3,4,5,6,7,8\",\"ingredients_names\":\"chicken,green beans,lima bean,pork,rice,saffron,sliced Spanish red sausage\",\"price\":\"18\",\"currency\":\"USD\"}]"] []
